<application>
  <component name="JUnitGeneratorAppSettings">
    <option name="selectedTemplateKey" value="JUnit 4" />
  </component>
</application>